{
  "0 debug pnpm:scope": {
    "selected": 1,
    "workspacePrefix": "/Users/personal/jubilant-broccoli"
  },
  "1 error pnpm": {
    "code": "ELIFECYCLE",
    "errno": "ENOENT",
    "syscall": "spawn",
    "file": "sh",
    "pkgid": "jubilant-broccoli@0.0.1",
    "stage": "clean",
    "script": "rm -rf node_modules && turbo run clean",
    "pkgname": "jubilant-broccoli",
    "err": {
      "name": "pnpm",
      "message": "jubilant-broccoli@0.0.1 clean: `rm -rf node_modules && turbo run clean`\nspawn ENOENT",
      "code": "ELIFECYCLE",
      "stack": "pnpm: jubilant-broccoli@0.0.1 clean: `rm -rf node_modules && turbo run clean`\nspawn ENOENT\n    at ChildProcess.<anonymous> (/Users/jinxu/.node/corepack/pnpm/7.3.0/dist/pnpm.cjs:94974:22)\n    at ChildProcess.emit (events.js:375:28)\n    at maybeClose (internal/child_process.js:1055:16)\n    at Process.ChildProcess._handle.onexit (internal/child_process.js:288:5)"
    }
  },
  "2 warn pnpm:global": " Local package.json exists, but node_modules missing, did you mean to install?"
}